Flow report for vga_poker_bot
Thu Dec 17 09:56:02 2009
Quartus II Version 9.0 Build 132 02/25/2009 SJ Full Version


---------------------
; Table of Contents ;
---------------------
  1. Legal Notice
  2. Flow Summary
  3. Flow Settings
  4. Flow Non-Default Global Settings
  5. Flow Elapsed Time
  6. Flow OS Summary
  7. Flow Log



----------------
; Legal Notice ;
----------------
Copyright (C) 1991-2009 Altera Corporation
Your use of Altera Corporation's design tools, logic functions 
and other software and tools, and its AMPP partner logic 
functions, and any output files from any of the foregoing 
(including device programming or simulation files), and any 
associated documentation or information are expressly subject 
to the terms and conditions of the Altera Program License 
Subscription Agreement, Altera MegaCore Function License 
Agreement, or other applicable license agreement, including, 
without limitation, that your use is for the sole purpose of 
programming logic devices manufactured by Altera and sold by 
Altera or its authorized distributors.  Please refer to the 
applicable agreement for further details.



+-------------------------------------------------------------------------------+
; Flow Summary                                                                  ;
+------------------------------------+------------------------------------------+
; Flow Status                        ; Successful - Thu Dec 17 09:56:02 2009    ;
; Quartus II Version                 ; 9.0 Build 132 02/25/2009 SJ Full Version ;
; Revision Name                      ; vga_poker_bot                            ;
; Top-level Entity Name              ; vga_poker_bot                            ;
; Family                             ; Cyclone II                               ;
; Device                             ; EP2C35F672C6                             ;
; Timing Models                      ; Final                                    ;
; Met timing requirements            ; Yes                                      ;
; Total logic elements               ; 5,724 / 33,216 ( 17 % )                  ;
;     Total combinational functions  ; 5,676 / 33,216 ( 17 % )                  ;
;     Dedicated logic registers      ; 945 / 33,216 ( 3 % )                     ;
; Total registers                    ; 945                                      ;
; Total pins                         ; 52 / 475 ( 11 % )                        ;
; Total virtual pins                 ; 0                                        ;
; Total memory bits                  ; 98,304 / 483,840 ( 20 % )                ;
; Embedded Multiplier 9-bit elements ; 0 / 70 ( 0 % )                           ;
; Total PLLs                         ; 1 / 4 ( 25 % )                           ;
+------------------------------------+------------------------------------------+


+-----------------------------------------+
; Flow Settings                           ;
+-------------------+---------------------+
; Option            ; Setting             ;
+-------------------+---------------------+
; Start date & time ; 12/17/2009 09:54:10 ;
; Main task         ; Compilation         ;
; Revision Name     ; vga_poker_bot       ;
+-------------------+---------------------+


+-------------------------------------------------------------------------------------------------------------------------------------------------------+
; Flow Non-Default Global Settings                                                                                                                      ;
+------------------------------------+-------------------------------------------------------------------+---------------+-------------+----------------+
; Assignment Name                    ; Value                                                             ; Default Value ; Entity Name ; Section Id     ;
+------------------------------------+-------------------------------------------------------------------+---------------+-------------+----------------+
; COMPILER_SIGNATURE_ID              ; 110480634054.126106164905332                                      ; --            ; --          ; --             ;
; IP_TOOL_NAME                       ; ALTPLL                                                            ; --            ; --          ; --             ;
; IP_TOOL_VERSION                    ; 9.0                                                               ; --            ; --          ; --             ;
; MAX_CORE_JUNCTION_TEMP             ; 85                                                                ; --            ; --          ; --             ;
; MIN_CORE_JUNCTION_TEMP             ; 0                                                                 ; --            ; --          ; --             ;
; MISC_FILE                          ; H:/TEACHING/ECE287/FALL_2009/LABS/VGA_POKER_BOT/vga_poker_bot.dpf ; --            ; --          ; --             ;
; MISC_FILE                          ; poker_clk_bb.v                                                    ; --            ; --          ; --             ;
; MISC_FILE                          ; poker_clk.ppf                                                     ; --            ; --          ; --             ;
; PARTITION_COLOR                    ; 16764057                                                          ; --            ; --          ; Top            ;
; PARTITION_NETLIST_TYPE             ; SOURCE                                                            ; --            ; --          ; Top            ;
; USE_GENERATED_PHYSICAL_CONSTRAINTS ; Off                                                               ; --            ; --          ; eda_blast_fpga ;
+------------------------------------+-------------------------------------------------------------------+---------------+-------------+----------------+


+-----------------------------------------------------------------------------------------------------------------------------+
; Flow Elapsed Time                                                                                                           ;
+-------------------------+--------------+-------------------------+---------------------+------------------------------------+
; Module Name             ; Elapsed Time ; Average Processors Used ; Peak Virtual Memory ; Total CPU Time (on all processors) ;
+-------------------------+--------------+-------------------------+---------------------+------------------------------------+
; Analysis & Synthesis    ; 00:01:00     ; 1.0                     ; 204 MB              ; 00:00:55                           ;
; Fitter                  ; 00:00:27     ; 1.3                     ; 270 MB              ; 00:00:29                           ;
; Assembler               ; 00:00:06     ; 1.0                     ; 228 MB              ; 00:00:05                           ;
; Classic Timing Analyzer ; 00:00:04     ; 1.0                     ; 162 MB              ; 00:00:02                           ;
; Total                   ; 00:01:37     ; --                      ; --                  ; 00:01:31                           ;
+-------------------------+--------------+-------------------------+---------------------+------------------------------------+


+---------------------------------------------------------------------------------------+
; Flow OS Summary                                                                       ;
+-------------------------+------------------+------------+------------+----------------+
; Module Name             ; Machine Hostname ; OS Name    ; OS Version ; Processor type ;
+-------------------------+------------------+------------+------------+----------------+
; Analysis & Synthesis    ; EGB267-14        ; Windows XP ; 5.1        ; i686           ;
; Fitter                  ; EGB267-14        ; Windows XP ; 5.1        ; i686           ;
; Assembler               ; EGB267-14        ; Windows XP ; 5.1        ; i686           ;
; Classic Timing Analyzer ; EGB267-14        ; Windows XP ; 5.1        ; i686           ;
+-------------------------+------------------+------------+------------+----------------+


------------
; Flow Log ;
------------
quartus_map --read_settings_files=on --write_settings_files=off vga_poker_bot -c vga_poker_bot
quartus_fit --read_settings_files=off --write_settings_files=off vga_poker_bot -c vga_poker_bot
quartus_asm --read_settings_files=off --write_settings_files=off vga_poker_bot -c vga_poker_bot
quartus_tan --read_settings_files=off --write_settings_files=off vga_poker_bot -c vga_poker_bot --timing_analysis_only



