Flow report for orcs_v1
Fri Mar 19 10:00:22 2010
Quartus II Version 9.1 Build 222 10/21/2009 SJ Web Edition


---------------------
; Table of Contents ;
---------------------
  1. Legal Notice
  2. Flow Summary
  3. Flow Settings
  4. Flow Non-Default Global Settings
  5. Flow Elapsed Time
  6. Flow OS Summary
  7. Flow Log



----------------
; Legal Notice ;
----------------
Copyright (C) 1991-2009 Altera Corporation
Your use of Altera Corporation's design tools, logic functions 
and other software and tools, and its AMPP partner logic 
functions, and any output files from any of the foregoing 
(including device programming or simulation files), and any 
associated documentation or information are expressly subject 
to the terms and conditions of the Altera Program License 
Subscription Agreement, Altera MegaCore Function License 
Agreement, or other applicable license agreement, including, 
without limitation, that your use is for the sole purpose of 
programming logic devices manufactured by Altera and sold by 
Altera or its authorized distributors.  Please refer to the 
applicable agreement for further details.



+------------------------------------------------------------------------------+
; Flow Summary                                                                 ;
+------------------------------------+-----------------------------------------+
; Flow Status                        ; Successful - Fri Mar 19 10:00:22 2010   ;
; Quartus II Version                 ; 9.1 Build 222 10/21/2009 SJ Web Edition ;
; Revision Name                      ; orcs_v1                                 ;
; Top-level Entity Name              ; orcs_v1                                 ;
; Family                             ; Cyclone II                              ;
; Device                             ; EP2C35F672C6                            ;
; Timing Models                      ; Final                                   ;
; Met timing requirements            ; Yes                                     ;
; Total logic elements               ; 701 / 33,216 ( 2 % )                    ;
;     Total combinational functions  ; 589 / 33,216 ( 2 % )                    ;
;     Dedicated logic registers      ; 351 / 33,216 ( 1 % )                    ;
; Total registers                    ; 351                                     ;
; Total pins                         ; 120 / 475 ( 25 % )                      ;
; Total virtual pins                 ; 0                                       ;
; Total memory bits                  ; 16,384 / 483,840 ( 3 % )                ;
; Embedded Multiplier 9-bit elements ; 0 / 70 ( 0 % )                          ;
; Total PLLs                         ; 0 / 4 ( 0 % )                           ;
+------------------------------------+-----------------------------------------+


+-----------------------------------------+
; Flow Settings                           ;
+-------------------+---------------------+
; Option            ; Setting             ;
+-------------------+---------------------+
; Start date & time ; 03/19/2010 09:59:35 ;
; Main task         ; Compilation         ;
; Revision Name     ; orcs_v1             ;
+-------------------+---------------------+


+------------------------------------------------------------------------------------------------------------------+
; Flow Non-Default Global Settings                                                                                 ;
+------------------------------------+------------------------------+---------------+-------------+----------------+
; Assignment Name                    ; Value                        ; Default Value ; Entity Name ; Section Id     ;
+------------------------------------+------------------------------+---------------+-------------+----------------+
; COMPILER_SIGNATURE_ID              ; 161917774652.126900717401768 ; --            ; --          ; --             ;
; IP_TOOL_NAME                       ; RAM: 1-PORT                  ; --            ; --          ; --             ;
; IP_TOOL_VERSION                    ; 9.1                          ; --            ; --          ; --             ;
; MAX_CORE_JUNCTION_TEMP             ; 85                           ; --            ; --          ; --             ;
; MIN_CORE_JUNCTION_TEMP             ; 0                            ; --            ; --          ; --             ;
; MISC_FILE                          ; memory_bb.v                  ; --            ; --          ; --             ;
; PARTITION_COLOR                    ; 16764057                     ; --            ; --          ; Top            ;
; PARTITION_NETLIST_TYPE             ; SOURCE                       ; --            ; --          ; Top            ;
; USE_GENERATED_PHYSICAL_CONSTRAINTS ; Off                          ; --            ; --          ; eda_blast_fpga ;
+------------------------------------+------------------------------+---------------+-------------+----------------+


+-----------------------------------------------------------------------------------------------------------------------------+
; Flow Elapsed Time                                                                                                           ;
+-------------------------+--------------+-------------------------+---------------------+------------------------------------+
; Module Name             ; Elapsed Time ; Average Processors Used ; Peak Virtual Memory ; Total CPU Time (on all processors) ;
+-------------------------+--------------+-------------------------+---------------------+------------------------------------+
; Analysis & Synthesis    ; 00:00:09     ; 1.0                     ; 182 MB              ; 00:00:06                           ;
; Fitter                  ; 00:00:17     ; 1.0                     ; 234 MB              ; 00:00:10                           ;
; Assembler               ; 00:00:06     ; 1.0                     ; 218 MB              ; 00:00:03                           ;
; Classic Timing Analyzer ; 00:00:03     ; 1.0                     ; 130 MB              ; 00:00:01                           ;
; Total                   ; 00:00:35     ; --                      ; --                  ; 00:00:20                           ;
+-------------------------+--------------+-------------------------+---------------------+------------------------------------+


+---------------------------------------------------------------------------------------+
; Flow OS Summary                                                                       ;
+-------------------------+------------------+------------+------------+----------------+
; Module Name             ; Machine Hostname ; OS Name    ; OS Version ; Processor type ;
+-------------------------+------------------+------------+------------+----------------+
; Analysis & Synthesis    ; EAS-JAMIESPA790  ; Windows XP ; 5.1        ; i686           ;
; Fitter                  ; EAS-JAMIESPA790  ; Windows XP ; 5.1        ; i686           ;
; Assembler               ; EAS-JAMIESPA790  ; Windows XP ; 5.1        ; i686           ;
; Classic Timing Analyzer ; EAS-JAMIESPA790  ; Windows XP ; 5.1        ; i686           ;
+-------------------------+------------------+------------+------------+----------------+


------------
; Flow Log ;
------------
quartus_map --read_settings_files=on --write_settings_files=off orcs_v1 -c orcs_v1
quartus_fit --read_settings_files=off --write_settings_files=off orcs_v1 -c orcs_v1
quartus_asm --read_settings_files=off --write_settings_files=off orcs_v1 -c orcs_v1
quartus_tan --read_settings_files=off --write_settings_files=off orcs_v1 -c orcs_v1 --timing_analysis_only



